<?xml version="1.0" encoding="UTF-8"?>
<!-- Generated by org.testng.reporters.JUnitReportReporter -->
<testsuite hostname="LAPTOP-3BL16AQ1" failures="0" tests="1" name="Tests.LoginTest" time="2.461" errors="0" timestamp="2022-09-14T19:42:57 IST" skipped="0">
  <testcase classname="Tests.LoginTest" name="loginToOrangeHRM" time="2.461"/>
  <system-out/>
</testsuite> <!-- Tests.LoginTest -->
