<?xml version="1.0" encoding="UTF-8"?>
<!-- Generated by org.testng.reporters.JUnitReportReporter -->
<testsuite hostname="LAPTOP-3BL16AQ1" failures="0" tests="1" name="Listeners.ITestListener_Example" time="0.066" errors="0" timestamp="2022-09-20T19:30:22 IST" skipped="0">
  <testcase classname="Listeners.ITestListener_Example" name="add" time="0.066"/>
  <system-out/>
</testsuite> <!-- Listeners.ITestListener_Example -->
