<?xml version="1.0" encoding="UTF-8"?>
<!-- Generated by org.testng.reporters.JUnitReportReporter -->
<testsuite hostname="LAPTOP-3BL16AQ1" failures="0" tests="1" name="DataDrivenFramework.Example1" time="0.887" errors="0" timestamp="2022-09-21T18:58:59 IST" skipped="0">
  <testcase classname="DataDrivenFramework.Example1" name="login" time="0.887"/>
  <system-out/>
</testsuite> <!-- DataDrivenFramework.Example1 -->
