<?xml version="1.0" encoding="UTF-8"?>
<!-- Generated by org.testng.reporters.JUnitReportReporter -->
<testsuite hostname="LAPTOP-3BL16AQ1" failures="0" tests="1" name="ScreenshotTests.Example1" time="0.334" errors="0" timestamp="2022-09-19T19:26:52 IST" skipped="0">
  <testcase classname="ScreenshotTests.Example1" name="enterField2" time="0.334"/>
  <system-out/>
</testsuite> <!-- ScreenshotTests.Example1 -->
