<?xml version="1.0" encoding="UTF-8"?>
<!-- Generated by org.testng.reporters.JUnitReportReporter -->
<testsuite hostname="LAPTOP-3BL16AQ1" failures="0" tests="12" name="TestNg.TestNgExample_InvocationCount" time="4.585" errors="0" timestamp="2022-09-12T19:41:44 IST" skipped="0">
  <testcase classname="TestNg.TestNgExample_InvocationCount" name="enterUsername" time="0.343"/>
  <system-out/>
  <testcase classname="TestNg.TestNgExample_InvocationCount" name="enterUsername" time="0.261"/>
  <system-out/>
  <testcase classname="TestNg.TestNgExample_InvocationCount" name="enterUsername" time="0.220"/>
  <system-out/>
  <testcase classname="TestNg.TestNgExample_InvocationCount" name="enterUsername" time="0.212"/>
  <system-out/>
  <testcase classname="TestNg.TestNgExample_InvocationCount" name="enterUsername" time="0.266"/>
  <system-out/>
  <testcase classname="TestNg.TestNgExample_InvocationCount" name="enterUsername" time="0.237"/>
  <system-out/>
  <testcase classname="TestNg.TestNgExample_InvocationCount" name="enterUsername" time="0.215"/>
  <system-out/>
  <testcase classname="TestNg.TestNgExample_InvocationCount" name="enterUsername" time="0.187"/>
  <system-out/>
  <testcase classname="TestNg.TestNgExample_InvocationCount" name="clickLogin" time="0.149"/>
  <system-out/>
  <testcase classname="TestNg.TestNgExample_InvocationCount" name="enterUsername" time="0.298"/>
  <system-out/>
  <testcase classname="TestNg.TestNgExample_InvocationCount" name="enterUsername" time="2.001"/>
  <system-out/>
  <testcase classname="TestNg.TestNgExample_InvocationCount" name="enterPassword" time="0.196"/>
  <system-out/>
</testsuite> <!-- TestNg.TestNgExample_InvocationCount -->
