<?xml version="1.0" encoding="UTF-8"?>
<!-- Generated by org.testng.reporters.JUnitReportReporter -->
<testsuite hostname="LAPTOP-3BL16AQ1" failures="0" tests="3" name="ExtentReports.ExtentReportExample" time="7.395" errors="0" timestamp="2022-09-16T19:51:16 IST" skipped="0">
  <testcase classname="ExtentReports.ExtentReportExample" name="loginToOrangeHRM" time="5.140"/>
  <system-out/>
  <testcase classname="ExtentReports.ExtentReportExample" name="clickPaulsam" time="0.122"/>
  <system-out/>
  <testcase classname="ExtentReports.ExtentReportExample" name="clickLogout" time="2.133"/>
  <system-out/>
</testsuite> <!-- ExtentReports.ExtentReportExample -->
