<?xml version="1.0" encoding="UTF-8"?>
<!-- Generated by org.testng.reporters.JUnitReportReporter -->
<testsuite hostname="LAPTOP-3BL16AQ1" failures="0" tests="3" name="TestNg.TestNgExample_DependsOnMethods" time="2.025" errors="0" timestamp="2022-09-12T19:28:26 IST" skipped="0">
  <testcase classname="TestNg.TestNgExample_DependsOnMethods" name="clickLogin" time="0.150"/>
  <system-out/>
  <testcase classname="TestNg.TestNgExample_DependsOnMethods" name="enterUsername" time="1.436"/>
  <system-out/>
  <testcase classname="TestNg.TestNgExample_DependsOnMethods" name="enterPassword" time="0.439"/>
  <system-out/>
</testsuite> <!-- TestNg.TestNgExample_DependsOnMethods -->
