<?xml version="1.0" encoding="UTF-8"?>
<!-- Generated by org.testng.reporters.JUnitReportReporter -->
<testsuite hostname="LAPTOP-3BL16AQ1" failures="0" tests="3" name="TestNg.TestNgExample_DependsOnMethods2" time="6.052" errors="0" timestamp="2022-09-12T19:51:16 IST" skipped="0">
  <testcase classname="TestNg.TestNgExample_DependsOnMethods2" name="clickLogin" time="3.969"/>
  <system-out/>
  <testcase classname="TestNg.TestNgExample_DependsOnMethods2" name="enterPassword" time="0.583"/>
  <system-out/>
  <testcase classname="TestNg.TestNgExample_DependsOnMethods2" name="enterUsername" time="1.500"/>
  <system-out/>
</testsuite> <!-- TestNg.TestNgExample_DependsOnMethods2 -->
