<?xml version="1.0" encoding="UTF-8"?>
<!-- Generated by org.testng.reporters.JUnitReportReporter -->
<testsuite hostname="LAPTOP-3BL16AQ1" failures="0" tests="3" name="Tests.LoginAndLogout" time="25.295" errors="0" timestamp="2022-09-16T19:25:54 IST" skipped="0">
  <testcase classname="Tests.LoginAndLogout" name="loginToOrangeHRM" time="5.689"/>
  <system-out/>
  <testcase classname="Tests.LoginAndLogout" name="clickPaulsam" time="10.158"/>
  <system-out/>
  <testcase classname="Tests.LoginAndLogout" name="clickLogout" time="9.448"/>
  <system-out/>
</testsuite> <!-- Tests.LoginAndLogout -->
