<?xml version="1.0" encoding="UTF-8"?>
<!-- Generated by org.testng.reporters.JUnitReportReporter -->
<testsuite hostname="LAPTOP-3BL16AQ1" failures="0" tests="3" name="TestNg.TestNgExample1" time="2.997" errors="0" timestamp="2022-09-12T19:41:44 IST" skipped="0">
  <testcase classname="TestNg.TestNgExample1" name="enterUsername" time="2.533"/>
  <system-out/>
  <testcase classname="TestNg.TestNgExample1" name="enterPassword" time="0.303"/>
  <system-out/>
  <testcase classname="TestNg.TestNgExample1" name="clickLogin" time="0.161"/>
  <system-out/>
</testsuite> <!-- TestNg.TestNgExample1 -->
