<?xml version="1.0" encoding="UTF-8"?>
<!-- Generated by org.testng.reporters.JUnitReportReporter -->
<testsuite hostname="LAPTOP-3BL16AQ1" failures="0" tests="2" name="Tests.ForgotYourPasswordTest" time="36.351" errors="0" timestamp="2022-09-14T19:49:46 IST" skipped="0">
  <testcase classname="Tests.ForgotYourPasswordTest" name="clickForgotYourPasswordLink" time="14.906"/>
  <system-out/>
  <testcase classname="Tests.ForgotYourPasswordTest" name="enterText" time="21.445"/>
  <system-out/>
</testsuite> <!-- Tests.ForgotYourPasswordTest -->
