<?xml version="1.0" encoding="UTF-8"?>
<!-- Generated by org.testng.reporters.JUnitReportReporter -->
<testsuite hostname="LAPTOP-3BL16AQ1" failures="0" tests="1" name="Screenshots.MoveToElement_Screenshot2" time="0.835" errors="0" timestamp="2022-09-19T18:35:47 IST" skipped="0">
  <testcase classname="Screenshots.MoveToElement_Screenshot2" name="click_AlertMe" time="0.835"/>
  <system-out/>
</testsuite> <!-- Screenshots.MoveToElement_Screenshot2 -->
