<?xml version="1.0" encoding="UTF-8"?>
<!-- Generated by org.testng.reporters.JUnitReportReporter -->
<testsuite hostname="LAPTOP-3BL16AQ1" failures="0" tests="5" name="TestNg.TestNgExample_DataProviders" time="1.966" errors="0" timestamp="2022-09-13T19:25:29 IST" skipped="0">
  <testcase classname="TestNg.TestNgExample_DataProviders" name="enterUsername" time="0.420"/>
  <system-out/>
  <testcase classname="TestNg.TestNgExample_DataProviders" name="enterUsername" time="0.371"/>
  <system-out/>
  <testcase classname="TestNg.TestNgExample_DataProviders" name="enterUsername" time="0.366"/>
  <system-out/>
  <testcase classname="TestNg.TestNgExample_DataProviders" name="enterUsername" time="0.465"/>
  <system-out/>
  <testcase classname="TestNg.TestNgExample_DataProviders" name="enterUsername" time="0.344"/>
  <system-out/>
</testsuite> <!-- TestNg.TestNgExample_DataProviders -->
