<?xml version="1.0" encoding="UTF-8"?>
<!-- Generated by org.testng.reporters.JUnitReportReporter -->
<testsuite hostname="LAPTOP-3BL16AQ1" failures="0" tests="3" name="DataDrivenFramework.TestNgExample1" time="40.927" errors="0" timestamp="2022-09-21T19:30:29 IST" skipped="0">
  <testcase classname="DataDrivenFramework.TestNgExample1" name="enterUsername" time="21.986"/>
  <system-out/>
  <testcase classname="DataDrivenFramework.TestNgExample1" name="enterPassword" time="11.857"/>
  <system-out/>
  <testcase classname="DataDrivenFramework.TestNgExample1" name="clickLogin" time="7.084"/>
  <system-out/>
</testsuite> <!-- DataDrivenFramework.TestNgExample1 -->
