<?xml version="1.0" encoding="UTF-8"?>
<!-- Generated by org.testng.reporters.JUnitReportReporter -->
<testsuite hostname="LAPTOP-3BL16AQ1" failures="0" tests="3" name="TestNg.TestNgExample_Enabled" time="2.590" errors="0" timestamp="2022-09-12T19:51:16 IST" skipped="1">
  <testcase classname="TestNg.TestNgExample_Enabled" name="enterPassword" time="1.169"/>
  <system-out/>
  <testcase classname="TestNg.TestNgExample_Enabled" name="enterUsername" time="1.421"/>
  <system-out/>
  <testcase classname="TestNg.TestNgExample_Enabled" name="clickLogin">
    <skipped/>
  </testcase> <!-- clickLogin -->
  <system-out/>
</testsuite> <!-- TestNg.TestNgExample_Enabled -->
