<?xml version="1.0" encoding="UTF-8"?>
<!-- Generated by org.testng.reporters.JUnitReportReporter -->
<testsuite hostname="LAPTOP-3BL16AQ1" failures="0" tests="3" name="DataDrivenFramework.TestNgExample2" time="11.758" errors="0" timestamp="2022-09-21T19:39:30 IST" skipped="0">
  <testcase classname="DataDrivenFramework.TestNgExample2" name="enterUsername" time="9.485"/>
  <system-out/>
  <testcase classname="DataDrivenFramework.TestNgExample2" name="enterPassword" time="2.109"/>
  <system-out/>
  <testcase classname="DataDrivenFramework.TestNgExample2" name="clickLogin" time="0.164"/>
  <system-out/>
</testsuite> <!-- DataDrivenFramework.TestNgExample2 -->
