<?xml version="1.0" encoding="UTF-8"?>
<!-- Generated by org.testng.reporters.JUnitReportReporter -->
<testsuite hostname="LAPTOP-3BL16AQ1" failures="0" tests="1" name="Listeners.Example1" time="1.533" errors="0" timestamp="2022-09-20T19:21:42 IST" skipped="0">
  <testcase classname="Listeners.Example1" name="enterField2" time="1.533"/>
  <system-out/>
</testsuite> <!-- Listeners.Example1 -->
